{"C:\\projetos\\web-academy-ufam\\WACAD016-TESTES\\TP1\\tests-app-main\\src\\utils\\validacoes.js": {"path":"C:\\projetos\\web-academy-ufam\\WACAD016-TESTES\\TP1\\tests-app-main\\src\\utils\\validacoes.js","statementMap":{"0":{"start":{"line":8,"column":21},"end":{"line":8,"column":42}},"1":{"start":{"line":10,"column":2},"end":{"line":11,"column":44}},"2":{"start":{"line":10,"column":25},"end":{"line":10,"column":41}},"3":{"start":{"line":11,"column":7},"end":{"line":11,"column":44}},"4":{"start":{"line":24,"column":16},"end":{"line":30,"column":3}},"5":{"start":{"line":32,"column":25},"end":{"line":32,"column":43}},"6":{"start":{"line":33,"column":2},"end":{"line":34,"column":41}},"7":{"start":{"line":33,"column":36},"end":{"line":33,"column":49}},"8":{"start":{"line":34,"column":7},"end":{"line":34,"column":41}},"9":{"start":{"line":53,"column":14},"end":{"line":53,"column":15}},"10":{"start":{"line":54,"column":2},"end":{"line":56,"column":3}},"11":{"start":{"line":54,"column":15},"end":{"line":54,"column":16}},"12":{"start":{"line":55,"column":4},"end":{"line":55,"column":54}},"13":{"start":{"line":57,"column":2},"end":{"line":57,"column":15}},"14":{"start":{"line":61,"column":0},"end":{"line":65,"column":2}}},"fnMap":{"0":{"name":"firstName","decl":{"start":{"line":7,"column":9},"end":{"line":7,"column":18}},"loc":{"start":{"line":7,"column":29},"end":{"line":12,"column":1}},"line":7},"1":{"name":"checkStockAvailability","decl":{"start":{"line":23,"column":9},"end":{"line":23,"column":31}},"loc":{"start":{"line":23,"column":55},"end":{"line":35,"column":1}},"line":23},"2":{"name":"calculateTotalPrice","decl":{"start":{"line":52,"column":9},"end":{"line":52,"column":28}},"loc":{"start":{"line":52,"column":39},"end":{"line":58,"column":1}},"line":52}},"branchMap":{"0":{"loc":{"start":{"line":10,"column":2},"end":{"line":11,"column":44}},"type":"if","locations":[{"start":{"line":10,"column":2},"end":{"line":11,"column":44}},{"start":{"line":11,"column":7},"end":{"line":11,"column":44}}],"line":10},"1":{"loc":{"start":{"line":33,"column":2},"end":{"line":34,"column":41}},"type":"if","locations":[{"start":{"line":33,"column":2},"end":{"line":34,"column":41}},{"start":{"line":34,"column":7},"end":{"line":34,"column":41}}],"line":33}},"s":{"0":3,"1":3,"2":1,"3":2,"4":4,"5":4,"6":4,"7":1,"8":3,"9":3,"10":3,"11":3,"12":4,"13":3,"14":3},"f":{"0":3,"1":4,"2":3},"b":{"0":[1,2],"1":[1,3]},"_coverageSchema":"1a1c01bbd47fc00a2c39e90264f33305004495a9","hash":"1d94919fe5d0dbff565de32c5db5d7fe63c4ada1"}
}
